<?xml version="1.0" encoding="UTF-8"?>
<testng-results skipped="0" failed="0" ignored="0" total="2" passed="2">
  <reporter-output>
  </reporter-output>
  <suite name="Test suite" duration-ms="47" started-at="2018-03-12T09:48:04Z" finished-at="2018-03-12T09:48:04Z">
    <groups>
    </groups>
    <test name="Test suite" duration-ms="47" started-at="2018-03-12T09:48:04Z" finished-at="2018-03-12T09:48:04Z">
      <class name="power.PowerCode">
        <test-method status="PASS" signature="sayHello()[pri:0, instance:power.PowerCode@6b71769e]" name="sayHello" is-config="true" duration-ms="16" started-at="2018-03-12T16:48:04Z" finished-at="2018-03-12T16:48:04Z">
          <reporter-output>
          </reporter-output>
        </test-method> <!-- sayHello -->
        <test-method status="PASS" signature="sayGoodbye()[pri:0, instance:power.PowerCode@6b71769e]" name="sayGoodbye" is-config="true" duration-ms="0" started-at="2018-03-12T16:48:04Z" finished-at="2018-03-12T16:48:04Z">
          <reporter-output>
          </reporter-output>
        </test-method> <!-- sayGoodbye -->
        <test-method status="PASS" signature="testCase02()[pri:0, instance:power.PowerCode@6b71769e]" name="testCase02" duration-ms="0" started-at="2018-03-12T16:48:04Z" finished-at="2018-03-12T16:48:04Z">
          <reporter-output>
          </reporter-output>
        </test-method> <!-- testCase02 -->
        <test-method status="PASS" signature="testCase01()[pri:0, instance:power.PowerCode@6b71769e]" name="testCase01" duration-ms="0" started-at="2018-03-12T16:48:04Z" finished-at="2018-03-12T16:48:04Z">
          <reporter-output>
          </reporter-output>
        </test-method> <!-- testCase01 -->
      </class> <!-- power.PowerCode -->
    </test> <!-- Test suite -->
  </suite> <!-- Test suite -->
</testng-results>
